17:56:50 **** Rebuild of configuration Debug for project EX2 ****
Info: Internal Builder is used for build
gcc -O0 -g3 -Wall -c -fmessage-length=0 -o "src\\EX2.o" "..\\src\\EX2.c" 
gcc -o EX2.exe "src\\EX2.o" 
c:/mingw/bin/../lib/gcc/mingw32/6.3.0/../../../../mingw32/bin/ld.exe: cannot open output file EX2.exe: Permission denied
collect2.exe: error: ld returned 1 exit status
17:57:01 **** Incremental Build of configuration Debug for project EX2 ****
Info: Internal Builder is used for build
gcc -o EX2.exe "src\\EX2.o" 
c:/mingw/bin/../lib/gcc/mingw32/6.3.0/../../../../mingw32/bin/ld.exe: cannot open output file EX2.exe: Permission denied
collect2.exe: error: ld returned 1 exit status
17:57:02 **** Incremental Build of configuration Debug for project EX2 ****
Info: Internal Builder is used for build
gcc -O0 -g3 -Wall -c -fmessage-length=0 -o "src\\EX2.o" "..\\src\\EX2.c" 
gcc -o EX2.exe "src\\EX2.o" 
c:/mingw/bin/../lib/gcc/mingw32/6.3.0/../../../../mingw32/bin/ld.exe: cannot open output file EX2.exe: Permission denied
collect2.exe: error: ld returned 1 exit status
17:57:06 **** Incremental Build of configuration Debug for project EX2 ****
Info: Internal Builder is used for build
gcc -O0 -g3 -Wall -c -fmessage-length=0 -o "src\\EX2.o" "..\\src\\EX2.c" 
gcc -o EX2.exe "src\\EX2.o" 
c:/mingw/bin/../lib/gcc/mingw32/6.3.0/../../../../mingw32/bin/ld.exe: cannot open output file EX2.exe: Permission denied
collect2.exe: error: ld returned 1 exit status
17:57:36 **** Incremental Build of configuration Debug for project EX2 ****
Info: Internal Builder is used for build
gcc -o EX2.exe "src\\EX2.o" 
Info: Nothing to build for EX2
Info: Nothing to build for EX2
Info: Nothing to build for EX2
17:58:35 **** Incremental Build of configuration Debug for project EX2 ****
Info: Internal Builder is used for build
gcc -O0 -g3 -Wall -c -fmessage-length=0 -o "src\\EX2.o" "..\\src\\EX2.c" 
gcc -o EX2.exe "src\\EX2.o" 
Info: Nothing to build for EX2
17:59:30 **** Incremental Build of configuration Debug for project EX2 ****
Info: Internal Builder is used for build
gcc -O0 -g3 -Wall -c -fmessage-length=0 -o "src\\EX2.o" "..\\src\\EX2.c" 
..\src\EX2.c: In function 'Factorial':
..\src\EX2.c:36:1: warning: control reaches end of non-void function [-Wreturn-type]
 }
 ^
gcc -o EX2.exe "src\\EX2.o" 
Info: Nothing to build for EX2
Info: Nothing to build for EX2
18:01:11 **** Incremental Build of configuration Debug for project EX2 ****
Info: Internal Builder is used for build
gcc -O0 -g3 -Wall -c -fmessage-length=0 -o "src\\EX2.o" "..\\src\\EX2.c" 
..\src\EX2.c: In function 'Factorial':
..\src\EX2.c:35:1: warning: control reaches end of non-void function [-Wreturn-type]
 }
 ^
gcc -o EX2.exe "src\\EX2.o" 
Info: Nothing to build for EX2
Info: Nothing to build for EX2
18:02:01 **** Incremental Build of configuration Debug for project EX2 ****
Info: Internal Builder is used for build
gcc -O0 -g3 -Wall -c -fmessage-length=0 -o "src\\EX2.o" "..\\src\\EX2.c" 
..\src\EX2.c: In function 'Factorial':
..\src\EX2.c:39:1: warning: control reaches end of non-void function [-Wreturn-type]
 }
 ^
gcc -o EX2.exe "src\\EX2.o" 
18:03:49 **** Incremental Build of configuration Debug for project EX2 ****
Info: Internal Builder is used for build
gcc -O0 -g3 -Wall -c -fmessage-length=0 -o "src\\EX2.o" "..\\src\\EX2.c" 
gcc -o EX2.exe "src\\EX2.o" 
Info: Nothing to build for EX2
Info: Nothing to build for EX2
