16:11:10 **** Rebuild of configuration Debug for project EX1 ****
Info: Internal Builder is used for build
gcc -O0 -g3 -Wall -c -fmessage-length=0 -o "src\\EX1.o" "..\\src\\EX1.c" 
..\src\EX1.c: In function 'main':
..\src\EX1.c:22:10: warning: format '%c' expects argument of type 'char *', but argument 2 has type 'int' [-Wformat=]
  scanf("%c", c);
          ^
..\src\EX1.c:22:2: warning: 'c' is used uninitialized in this function [-Wuninitialized]
  scanf("%c", c);
  ^~~~~~~~~~~~~~
gcc -o EX1.exe "src\\EX1.o" 
16:11:22 **** Incremental Build of configuration Debug for project EX1 ****
Info: Internal Builder is used for build
gcc -O0 -g3 -Wall -c -fmessage-length=0 -o "src\\EX1.o" "..\\src\\EX1.c" 
gcc -o EX1.exe "src\\EX1.o" 
Info: Nothing to build for EX1
Info: Nothing to build for EX1
17:58:31 **** Incremental Build of configuration Debug for project EX1 ****
Info: Internal Builder is used for build
gcc -O0 -g3 -Wall -c -fmessage-length=0 -o "src\\EX1.o" "..\\src\\EX1.c" 
gcc -o EX1.exe "src\\EX1.o" 
Info: Nothing to build for EX1
18:01:33 **** Incremental Build of configuration Debug for project EX1 ****
Info: Internal Builder is used for build
gcc -O0 -g3 -Wall -c -fmessage-length=0 -o "src\\EX1.o" "..\\src\\EX1.c" 
gcc -o EX1.exe "src\\EX1.o" 
Info: Nothing to build for EX1
