21:11:29 **** Rebuild of configuration Debug for project EX4 ****
Info: Internal Builder is used for build
gcc -O0 -g3 -Wall -c -fmessage-length=0 -o "src\\EX4.o" "..\\src\\EX4.c" 
gcc -o EX4.exe "src\\EX4.o" 
Info: Nothing to build for EX4
Info: Nothing to build for EX4
21:12:29 **** Incremental Build of configuration Debug for project EX4 ****
Info: Internal Builder is used for build
gcc -O0 -g3 -Wall -c -fmessage-length=0 -o "src\\EX4.o" "..\\src\\EX4.c" 
gcc -o EX4.exe "src\\EX4.o" 
Info: Nothing to build for EX4
21:14:05 **** Incremental Build of configuration Debug for project EX4 ****
Info: Internal Builder is used for build
gcc -O0 -g3 -Wall -c -fmessage-length=0 -o "src\\EX4.o" "..\\src\\EX4.c" 
gcc -o EX4.exe "src\\EX4.o" 
Info: Nothing to build for EX4
21:17:17 **** Incremental Build of configuration Debug for project EX4 ****
Info: Internal Builder is used for build
gcc -O0 -g3 -Wall -c -fmessage-length=0 -o "src\\EX4.o" "..\\src\\EX4.c" 
gcc -o EX4.exe "src\\EX4.o" 
Info: Nothing to build for EX4
21:19:36 **** Incremental Build of configuration Debug for project EX4 ****
Info: Internal Builder is used for build
gcc -O0 -g3 -Wall -c -fmessage-length=0 -o "src\\EX4.o" "..\\src\\EX4.c" 
gcc -o EX4.exe "src\\EX4.o" 
Info: Nothing to build for EX4
21:23:11 **** Incremental Build of configuration Debug for project EX4 ****
Info: Internal Builder is used for build
gcc -O0 -g3 -Wall -c -fmessage-length=0 -o "src\\EX4.o" "..\\src\\EX4.c" 
gcc -o EX4.exe "src\\EX4.o" 
Info: Nothing to build for EX4
21:24:33 **** Incremental Build of configuration Debug for project EX4 ****
Info: Internal Builder is used for build
gcc -O0 -g3 -Wall -c -fmessage-length=0 -o "src\\EX4.o" "..\\src\\EX4.c" 
gcc -o EX4.exe "src\\EX4.o" 
