20:31:28 **** Rebuild of configuration Debug for project test ****
Info: Internal Builder is used for build
gcc -O0 -g3 -Wall -c -fmessage-length=0 -o "src\\test.o" "..\\src\\test.c" 
gcc -o test.exe "src\\test.o" 
Info: Nothing to build for test
20:32:17 **** Incremental Build of configuration Debug for project test ****
Info: Internal Builder is used for build
gcc -O0 -g3 -Wall -c -fmessage-length=0 -o "src\\test.o" "..\\src\\test.c" 
gcc -o test.exe "src\\test.o" 
Info: Nothing to build for test
20:32:33 **** Incremental Build of configuration Debug for project test ****
Info: Internal Builder is used for build
gcc -O0 -g3 -Wall -c -fmessage-length=0 -o "src\\test.o" "..\\src\\test.c" 
gcc -o test.exe "src\\test.o" 
Info: Nothing to build for test
20:32:45 **** Incremental Build of configuration Debug for project test ****
Info: Internal Builder is used for build
gcc -O0 -g3 -Wall -c -fmessage-length=0 -o "src\\test.o" "..\\src\\test.c" 
gcc -o test.exe "src\\test.o" 
20:33:04 **** Incremental Build of configuration Debug for project test ****
Info: Internal Builder is used for build
gcc -O0 -g3 -Wall -c -fmessage-length=0 -o "src\\test.o" "..\\src\\test.c" 
gcc -o test.exe "src\\test.o" 
Info: Nothing to build for test
Info: Nothing to build for test
20:33:32 **** Incremental Build of configuration Debug for project test ****
Info: Internal Builder is used for build
gcc -O0 -g3 -Wall -c -fmessage-length=0 -o "src\\test.o" "..\\src\\test.c" 
gcc -o test.exe "src\\test.o" 
Info: Nothing to build for test
Info: Nothing to build for test
Info: Nothing to build for test
